<?xml version="1.0" encoding="UTF-8"?>
<testsuites name="Mobbipaidd" time="33.051" tests="1" failures="0" errors="0">
   <testsuite name="Mobbipaidd" tests="1" failures="0" errors="0" time="33.051" skipped="0" timestamp="2023-05-11 16:15:29" hostname="macbookfajri - macbooks-mbp" id="Test Suites/Mobbipaidd">
      <properties>
         <property name="deviceName" value=""/>
         <property name="devicePlatform" value=""/>
         <property name="logFolder" value="/Users/macbookfajri/Katalon Studio/TC_01 Login/Reports/20230511_161508/Mobbipaidd/20230511_161508"/>
         <property name="logFiles" value="/Users/macbookfajri/Katalon Studio/TC_01 Login/Reports/20230511_161508/Mobbipaidd/20230511_161508/execution0.log"/>
         <property name="attachments" value=""/>
         <property name="hostName" value="macbookfajri - macbooks-mbp"/>
         <property name="os" value="Mac OS X 64bit"/>
         <property name="katalonVersion" value="8.4.1.208"/>
         <property name="browser" value="Chrome 112.0.0.0"/>
         <property name="hostAddress" value="192.168.43.119"/>
         <property name="sessionId" value="099ef99b286989e618b1066928978fad"/>
         <property name="seleniumVersion" value="3.141.59"/>
         <property name="proxyInformation" value="ProxyInformation { proxyOption=NO_PROXY, proxyServerType=HTTP, username=, password=********, proxyServerAddress=, proxyServerPort=0, executionList=&quot;&quot;, isApplyToDesiredCapabilities=true }"/>
         <property name="platform" value="Mac OS X"/>
      </properties>
      <testcase name="Test Cases/Mobbipaid_register/Mobbipaid_register" time="31.565" classname="Test Cases/Mobbipaid_register/Mobbipaid_register" status="PASSED">
         <system-out><![CDATA[2023-05-11 16:15:31 - [TEST_CASE][PASSED] - Test Cases/Mobbipaid_register/Mobbipaid_register: Test Cases/Mobbipaid_register/Mobbipaid_register

2023-05-11 16:15:32 - [TEST_STEP][PASSED] - openBrowser(""): Browser is opened with url: ''

2023-05-11 16:15:34 - [MESSAGE][INFO] - Starting 'Chrome' driver

2023-05-11 16:15:34 - [MESSAGE][INFO] - Action delay is set to 0 milliseconds

2023-05-11 16:15:41 - [MESSAGE][PASSED] - Browser is opened with url: ''

2023-05-11 16:15:41 - [TEST_STEP][PASSED] - navigateToUrl("https://stage.mobipaid.com/en/register"): Navigate to 'https://stage.mobipaid.com/en/register' successfully

2023-05-11 16:15:48 - [MESSAGE][PASSED] - Navigate to 'https://stage.mobipaid.com/en/register' successfully

2023-05-11 16:15:48 - [TEST_STEP][PASSED] - setText(findTestObject("Object Repository/object_mobbipaid_register/Page_Register/input_Login_signatory_first_name"), "Steve"): Text 'Steve' is set on object 'Object Repository/object_mobbipaid_register/Page_Register/input_Login_signatory_first_name'

2023-05-11 16:15:50 - [MESSAGE][PASSED] - Text 'Steve' is set on object 'Object Repository/object_mobbipaid_register/Page_Register/input_Login_signatory_first_name'

2023-05-11 16:15:50 - [TEST_STEP][PASSED] - setText(findTestObject("Object Repository/object_mobbipaid_register/Page_Register/input_Login_signatory_last_name"), "Ardiyanto"): Text 'Ardiyanto' is set on object 'Object Repository/object_mobbipaid_register/Page_Register/input_Login_signatory_last_name'

2023-05-11 16:15:51 - [MESSAGE][PASSED] - Text 'Ardiyanto' is set on object 'Object Repository/object_mobbipaid_register/Page_Register/input_Login_signatory_last_name'

2023-05-11 16:15:51 - [TEST_STEP][PASSED] - setText(findTestObject("Object Repository/object_mobbipaid_register/Page_Register/input_Login_email"), "makun1382@gmail.com"): Text 'makun1382@gmail.com' is set on object 'Object Repository/object_mobbipaid_register/Page_Register/input_Login_email'

2023-05-11 16:15:53 - [MESSAGE][PASSED] - Text 'makun1382@gmail.com' is set on object 'Object Repository/object_mobbipaid_register/Page_Register/input_Login_email'

2023-05-11 16:15:53 - [TEST_STEP][PASSED] - setEncryptedText(findTestObject("Object Repository/object_mobbipaid_register/Page_Register/input_Login_password"), "IOURxeAy+GoXCjUPAy3eaQ=="): Text ****** has been set on object 'Object Repository/object_mobbipaid_register/Page_Register/input_Login_password'

2023-05-11 16:15:54 - [MESSAGE][PASSED] - Text ****** has been set on object 'Object Repository/object_mobbipaid_register/Page_Register/input_Login_password'

2023-05-11 16:15:54 - [TEST_STEP][PASSED] - setText(findTestObject("Object Repository/object_mobbipaid_register/Page_Register/input_Login_name"), "Eduwork"): Text 'Eduwork' is set on object 'Object Repository/object_mobbipaid_register/Page_Register/input_Login_name'

2023-05-11 16:15:55 - [MESSAGE][PASSED] - Text 'Eduwork' is set on object 'Object Repository/object_mobbipaid_register/Page_Register/input_Login_name'

2023-05-11 16:15:55 - [TEST_STEP][PASSED] - setText(findTestObject("Object Repository/object_mobbipaid_register/Page_Register/input_land Islands_form-control btn-log bor_48151b"), "8990404080"): Text '8990404080' is set on object 'Object Repository/object_mobbipaid_register/Page_Register/input_land Islands_form-control btn-log bor_48151b'

2023-05-11 16:15:57 - [MESSAGE][PASSED] - Text '8990404080' is set on object 'Object Repository/object_mobbipaid_register/Page_Register/input_land Islands_form-control btn-log bor_48151b'

2023-05-11 16:15:57 - [TEST_STEP][PASSED] - selectOptionByValue(findTestObject("Object Repository/object_mobbipaid_register/Page_Register/select_Your country                        _da403c"), "9", true): All options with value '9' are selected in object 'Object Repository/object_mobbipaid_register/Page_Register/select_Your country                        _da403c'  using regular expression

2023-05-11 16:15:59 - [MESSAGE][PASSED] - All options with value '9' are selected in object 'Object Repository/object_mobbipaid_register/Page_Register/select_Your country                        _da403c'  using regular expression

2023-05-11 16:15:59 - [TEST_STEP][PASSED] - setText(findTestObject("Object Repository/object_mobbipaid_register/Page_Register/input_land Islands_state"), "Dki Jakarta"): Text 'Dki Jakarta' is set on object 'Object Repository/object_mobbipaid_register/Page_Register/input_land Islands_state'

2023-05-11 16:16:00 - [MESSAGE][PASSED] - Text 'Dki Jakarta' is set on object 'Object Repository/object_mobbipaid_register/Page_Register/input_land Islands_state'

2023-05-11 16:16:00 - [TEST_STEP][PASSED] - click(findTestObject("Object Repository/object_mobbipaid_register/Page_Register/input_By clicking this box, I accept the,an_f76ab8")): Object: 'Object Repository/object_mobbipaid_register/Page_Register/input_By clicking this box, I accept the,an_f76ab8' is clicked on

2023-05-11 16:16:00 - [MESSAGE][PASSED] - Object: 'Object Repository/object_mobbipaid_register/Page_Register/input_By clicking this box, I accept the,an_f76ab8' is clicked on

2023-05-11 16:16:00 - [TEST_STEP][PASSED] - setText(findTestObject("Object Repository/object_mobbipaid_register/Page_Register/input_Login_email"), "makun1382@gmail.com"): Text 'makun1382@gmail.com' is set on object 'Object Repository/object_mobbipaid_register/Page_Register/input_Login_email'

2023-05-11 16:16:02 - [MESSAGE][PASSED] - Text 'makun1382@gmail.com' is set on object 'Object Repository/object_mobbipaid_register/Page_Register/input_Login_email'

2023-05-11 16:16:02 - [TEST_STEP][PASSED] - click(findTestObject("Object Repository/object_mobbipaid_register/Page_Register/button_Next Step   please wait")): Object: 'Object Repository/object_mobbipaid_register/Page_Register/button_Next Step   please wait' is clicked on

2023-05-11 16:16:02 - [MESSAGE][PASSED] - Object: 'Object Repository/object_mobbipaid_register/Page_Register/button_Next Step   please wait' is clicked on]]></system-out>
         <system-err><![CDATA[]]></system-err>
      </testcase>
      <system-out><![CDATA[2023-05-11 16:15:29 - [TEST_SUITE][PASSED] - Mobbipaidd: Test Cases/Mobbipaid_register/Mobbipaid_register]]></system-out>
      <system-err><![CDATA[]]></system-err>
   </testsuite>
</testsuites>
